{"total": {"lines":{"total":126,"covered":58,"skipped":0,"pct":46.03},"statements":{"total":126,"covered":58,"skipped":0,"pct":46.03},"functions":{"total":20,"covered":11,"skipped":0,"pct":55},"branches":{"total":46,"covered":18,"skipped":0,"pct":39.13},"branchesTrue":{"total":0,"covered":0,"skipped":0,"pct":"Unknown"}}
,"C:\\Users\\justi\\OneDrive - Temasek Polytechnic\\year2_sec sem\\DVOPS_Projects\\DVOPS-PROJECT\\public\\js\\alsen.js": {"lines":{"total":25,"covered":0,"skipped":0,"pct":0},"functions":{"total":2,"covered":0,"skipped":0,"pct":0},"statements":{"total":25,"covered":0,"skipped":0,"pct":0},"branches":{"total":7,"covered":0,"skipped":0,"pct":0}}
,"C:\\Users\\justi\\OneDrive - Temasek Polytechnic\\year2_sec sem\\DVOPS_Projects\\DVOPS-PROJECT\\public\\js\\branden.js": {"lines":{"total":33,"covered":20,"skipped":0,"pct":60.6},"functions":{"total":8,"covered":5,"skipped":0,"pct":62.5},"statements":{"total":33,"covered":20,"skipped":0,"pct":60.6},"branches":{"total":8,"covered":3,"skipped":0,"pct":37.5}}
,"C:\\Users\\justi\\OneDrive - Temasek Polytechnic\\year2_sec sem\\DVOPS_Projects\\DVOPS-PROJECT\\public\\js\\justin.js": {"lines":{"total":41,"covered":38,"skipped":0,"pct":92.68},"functions":{"total":6,"covered":6,"skipped":0,"pct":100},"statements":{"total":41,"covered":38,"skipped":0,"pct":92.68},"branches":{"total":21,"covered":15,"skipped":0,"pct":71.42}}
,"C:\\Users\\justi\\OneDrive - Temasek Polytechnic\\year2_sec sem\\DVOPS_Projects\\DVOPS-PROJECT\\public\\js\\shian.js": {"lines":{"total":27,"covered":0,"skipped":0,"pct":0},"functions":{"total":4,"covered":0,"skipped":0,"pct":0},"statements":{"total":27,"covered":0,"skipped":0,"pct":0},"branches":{"total":10,"covered":0,"skipped":0,"pct":0}}
}
