{"total": {"lines":{"total":228,"covered":119,"skipped":0,"pct":52.19},"statements":{"total":235,"covered":120,"skipped":0,"pct":51.06},"functions":{"total":32,"covered":17,"skipped":0,"pct":53.12},"branches":{"total":70,"covered":37,"skipped":0,"pct":52.85},"branchesTrue":{"total":0,"covered":0,"skipped":0,"pct":100}}
,"C:\\Users\\justi\\OneDrive - Temasek Polytechnic\\year2_sec sem\\DVOPS_Projects\\DVOPS-PROJECT\\public\\js\\alsen.js": {"lines":{"total":25,"covered":0,"skipped":0,"pct":0},"functions":{"total":2,"covered":0,"skipped":0,"pct":0},"statements":{"total":25,"covered":0,"skipped":0,"pct":0},"branches":{"total":7,"covered":0,"skipped":0,"pct":0}}
,"C:\\Users\\justi\\OneDrive - Temasek Polytechnic\\year2_sec sem\\DVOPS_Projects\\DVOPS-PROJECT\\public\\js\\branden.js": {"lines":{"total":33,"covered":20,"skipped":0,"pct":60.6},"functions":{"total":8,"covered":5,"skipped":0,"pct":62.5},"statements":{"total":33,"covered":20,"skipped":0,"pct":60.6},"branches":{"total":8,"covered":3,"skipped":0,"pct":37.5}}
,"C:\\Users\\justi\\OneDrive - Temasek Polytechnic\\year2_sec sem\\DVOPS_Projects\\DVOPS-PROJECT\\public\\js\\justin.js": {"lines":{"total":41,"covered":38,"skipped":0,"pct":92.68},"functions":{"total":6,"covered":5,"skipped":0,"pct":83.33},"statements":{"total":41,"covered":38,"skipped":0,"pct":92.68},"branches":{"total":21,"covered":15,"skipped":0,"pct":71.42}}
,"C:\\Users\\justi\\OneDrive - Temasek Polytechnic\\year2_sec sem\\DVOPS_Projects\\DVOPS-PROJECT\\public\\js\\shian.js": {"lines":{"total":27,"covered":0,"skipped":0,"pct":0},"functions":{"total":4,"covered":0,"skipped":0,"pct":0},"statements":{"total":27,"covered":0,"skipped":0,"pct":0},"branches":{"total":10,"covered":0,"skipped":0,"pct":0}}
,"C:\\Users\\justi\\OneDrive - Temasek Polytechnic\\year2_sec sem\\DVOPS_Projects\\DVOPS-PROJECT\\utils\\AlsenUtil.js": {"lines":{"total":22,"covered":18,"skipped":0,"pct":81.81},"functions":{"total":3,"covered":3,"skipped":0,"pct":100},"statements":{"total":24,"covered":18,"skipped":0,"pct":75},"branches":{"total":2,"covered":1,"skipped":0,"pct":50}}
,"C:\\Users\\justi\\OneDrive - Temasek Polytechnic\\year2_sec sem\\DVOPS_Projects\\DVOPS-PROJECT\\utils\\BrandenUtil.js": {"lines":{"total":10,"covered":2,"skipped":0,"pct":20},"functions":{"total":2,"covered":0,"skipped":0,"pct":0},"statements":{"total":11,"covered":2,"skipped":0,"pct":18.18},"branches":{"total":0,"covered":0,"skipped":0,"pct":100}}
,"C:\\Users\\justi\\OneDrive - Temasek Polytechnic\\year2_sec sem\\DVOPS_Projects\\DVOPS-PROJECT\\utils\\JustinUtil.js": {"lines":{"total":42,"covered":38,"skipped":0,"pct":90.47},"functions":{"total":4,"covered":4,"skipped":0,"pct":100},"statements":{"total":43,"covered":39,"skipped":0,"pct":90.69},"branches":{"total":18,"covered":18,"skipped":0,"pct":100}}
,"C:\\Users\\justi\\OneDrive - Temasek Polytechnic\\year2_sec sem\\DVOPS_Projects\\DVOPS-PROJECT\\utils\\ShianUtil.js": {"lines":{"total":28,"covered":3,"skipped":0,"pct":10.71},"functions":{"total":3,"covered":0,"skipped":0,"pct":0},"statements":{"total":31,"covered":3,"skipped":0,"pct":9.67},"branches":{"total":4,"covered":0,"skipped":0,"pct":0}}
}
