TN:
SF:public\js\alsen.js
FN:1,addResource
FN:18,(anonymous_1)
FNF:2
FNH:0
FNDA:0,addResource
FNDA:0,(anonymous_1)
DA:2,0
DA:3,0
DA:4,0
DA:5,0
DA:6,0
DA:9,0
DA:10,0
DA:11,0
DA:12,0
DA:15,0
DA:16,0
DA:17,0
DA:18,0
DA:19,0
DA:20,0
DA:22,0
DA:23,0
DA:24,0
DA:27,0
DA:28,0
DA:29,0
DA:31,0
DA:33,0
DA:34,0
DA:38,0
LF:25
LH:0
BRDA:9,0,0,0
BRDA:9,0,1,0
BRDA:9,1,0,0
BRDA:9,1,1,0
BRDA:9,1,2,0
BRDA:22,2,0,0
BRDA:22,2,1,0
BRF:7
BRH:0
end_of_record
TN:
SF:public\js\branden.js
FN:4,viewBlogs
FN:10,(anonymous_1)
FN:20,(anonymous_2)
FN:28,displayBlogs
FN:30,(anonymous_4)
FN:51,handleSearch
FN:59,(anonymous_6)
FN:74,(anonymous_7)
FNF:8
FNH:5
FNDA:7,viewBlogs
FNDA:7,(anonymous_1)
FNDA:0,(anonymous_2)
FNDA:7,displayBlogs
FNDA:28,(anonymous_4)
FNDA:0,handleSearch
FNDA:0,(anonymous_6)
FNDA:7,(anonymous_7)
DA:1,7
DA:5,7
DA:7,7
DA:8,7
DA:10,7
DA:11,7
DA:12,7
DA:13,7
DA:14,7
DA:16,0
DA:20,7
DA:21,0
DA:24,7
DA:29,7
DA:30,7
DA:31,28
DA:46,7
DA:47,7
DA:52,0
DA:54,0
DA:55,0
DA:56,0
DA:59,0
DA:60,0
DA:63,0
DA:64,0
DA:66,0
DA:69,0
DA:70,0
DA:74,7
DA:75,7
DA:78,7
DA:79,7
LF:33
LH:20
BRDA:11,0,0,7
BRDA:11,0,1,0
BRDA:11,1,0,7
BRDA:11,1,1,7
BRDA:54,2,0,0
BRDA:54,2,1,0
BRDA:63,3,0,0
BRDA:63,3,1,0
BRF:8
BRH:3
end_of_record
TN:
SF:public\js\justin.js
FN:2,createEditModal
FN:46,editResource
FN:67,updateResource
FN:92,(anonymous_3)
FN:101,(anonymous_4)
FN:118,(anonymous_5)
FNF:6
FNH:6
FNDA:7,createEditModal
FNDA:7,editResource
FNDA:6,updateResource
FNDA:2,(anonymous_3)
FNDA:1,(anonymous_4)
FNDA:1,(anonymous_5)
DA:3,7
DA:40,7
DA:41,7
DA:48,7
DA:51,7
DA:54,7
DA:55,7
DA:56,7
DA:59,7
DA:62,7
DA:68,6
DA:75,6
DA:76,1
DA:77,1
DA:78,1
DA:81,5
DA:82,5
DA:83,2
DA:84,2
DA:85,2
DA:88,3
DA:89,3
DA:90,3
DA:92,3
DA:93,2
DA:94,2
DA:98,2
DA:99,1
DA:100,1
DA:101,1
DA:102,1
DA:103,1
DA:105,0
DA:109,1
DA:110,1
DA:113,0
DA:114,0
DA:118,3
DA:119,1
DA:120,1
DA:123,3
LF:41
LH:38
BRDA:40,0,0,7
BRDA:40,0,1,0
BRDA:48,1,0,0
BRDA:48,1,1,7
BRDA:54,2,0,7
BRDA:54,2,1,0
BRDA:55,3,0,7
BRDA:55,3,1,0
BRDA:56,4,0,7
BRDA:56,4,1,0
BRDA:75,5,0,1
BRDA:75,5,1,5
BRDA:75,6,0,6
BRDA:75,6,1,5
BRDA:75,6,2,5
BRDA:82,7,0,2
BRDA:82,7,1,3
BRDA:98,8,0,1
BRDA:98,8,1,1
BRDA:103,9,0,0
BRDA:103,9,1,1
BRF:21
BRH:15
end_of_record
TN:
SF:public\js\shian.js
FN:2,deleteResource
FN:7,(anonymous_1)
FN:28,(anonymous_2)
FN:50,(anonymous_3)
FNF:4
FNH:0
FNDA:0,deleteResource
FNDA:0,(anonymous_1)
FNDA:0,(anonymous_2)
FNDA:0,(anonymous_3)
DA:4,0
DA:7,0
DA:8,0
DA:10,0
DA:12,0
DA:13,0
DA:16,0
DA:18,0
DA:19,0
DA:23,0
DA:24,0
DA:25,0
DA:28,0
DA:29,0
DA:30,0
DA:32,0
DA:33,0
DA:34,0
DA:36,0
DA:38,0
DA:41,0
DA:44,0
DA:45,0
DA:50,0
DA:51,0
DA:55,0
DA:58,0
LF:27
LH:0
BRDA:10,0,0,0
BRDA:10,0,1,0
BRDA:16,1,0,0
BRDA:16,1,1,0
BRDA:32,2,0,0
BRDA:32,2,1,0
BRDA:32,3,0,0
BRDA:32,3,1,0
BRDA:33,4,0,0
BRDA:33,4,1,0
BRF:10
BRH:0
end_of_record
